Executing: mkmcxx version mkmcxx 2.15.3
Compiled on: Jan 24 2020 15:44:03
Compiler: MSVS 191627024
OpenMP parallelization enabled
Commit id: d5f845c

Authors: 
    Ivo Filot <i.a.w.filot@tue.nl>
    Bart Zijlstra <b.zijlstra@tue.nl>
    Evert van Noort
    Rudie van den Berg
    Emiel Hensen <e.j.m.hensen@tue.nl>

(C) Copyright 2012 Inorganic Materials Chemistry
                   Eindhoven University of Technology

This is a legal licensing agreement (Agreement) between You (an individual
or single legal entity) and Inorganic Materials Chemistry (IMC)
governing the in-house use of the MKMCXX software product (Software)
By downloading, installing, or using Software, You agree to be bound by
the license terms as given on http://wiki.mkmcxx.nl/index.php/License.


Opening input file
Searching for debug tag
Debug level: DEBUG1 (from debug tag)
Checking read rules
Checking for segflow tag
[12:25:22.000] DEBUG1: Done reading input
[12:25:22.000] DEBUG : Performing Sequential Run experiment
Performing SEQUENCERUN

Number of runs:    1
Number of threads: 1/8
----------------------
<--THREAD-00_RUN-001-START	 ORDERS
<--THREAD-00_RUN-001-START	 EACT
<--THREAD-00_RUN-001-END	(100.0%)
----------------------
Finalizing SEQUENCERUN

Performing DRC Analysis
-----------------------
<--RUN-001-END	(100.0%)
-----------------------
Finalizing DRC Analysis

Performing TDRC Analysis
------------------------
<--RUN-001-END	(100.0%)
------------------------
Finalizing TDRC Analysis

FINALIZING SEQUENCERUN -- SUMMARY
*********************************
For all runs, the sum of surface components has not changed more than 3.1086244690e-13%

For all runs, no surface concentrations were found lower than 0.0000000000e+00

For all runs, no absolute surface differentials were found higher than 1.3736944360e-08 (at 6.4315000000e+02K)

For all runs, no relative surface differentials were found higher than 5.7378821314e-07 (at 6.4315000000e+02K)

*********************************
Additional routines ran
-----------------------
Reaction orders:
    ORDERSDIFF = 0.01
    version 3.13.4 default = 0.01; 
          <=3.13.3 default = 0.2
Apparent activation energy:
    EACTDIFF = 0.0001
    version 3.13.4 default = 0.0001; 
          <=3.13.3 default = 0.002
Degree of rate control:
    DRCDIFF = 0.01
    version 3.13.4 default = 0.01; 
          <=3.13.3 default = 0.2
Thermodynamic degree of rate control:
    TDRCDIFF = 1
    version 3.13.4 default = 1; 
          <=3.13.3 default = 0.2
-----------------------
Calculating production patterns
================================

Calculating selectivity patterns
================================

Calculating degree of selectivity control
=========================================

Writing network files...
Writing run/networkplots/network_01_643.15K.dot
*********************************

Writing graphs...
Logfile: run/graphs/graphs_log.txt
Writing graphs per single_x
[12:25:23.312] DEBUG : Writing 643.15K coverage...
[12:25:23.421] DEBUG : Writing 643.15K derivatives...
Writing range graphs
[12:25:23.437] DEBUG : Writing range_coverage...
[12:25:23.484] DEBUG : Writing range_derivative...
[12:25:23.500] DEBUG : Writing range_rates...
*********************************

Total execution time: 1687.39 ms.

